# JRE version: Java(TM) SE Runtime Environment (8.0_291-b10) (build 1.8.0_291-b10)
# Java VM: Java HotSpot(TM) 64-Bit Server VM (25.291-b10 mixed mode windows-amd64 compressed oops)
Heap:
 PSYoungGen      total 136192K, used 13992K [0x00000000d6600000, 0x00000000e5500000, 0x0000000100000000)
  eden space 123904K, 11% used [0x00000000d6600000,0x00000000d73aa100,0x00000000ddf00000)
  from space 12288K, 0% used [0x00000000ddf00000,0x00000000ddf00000,0x00000000deb00000)
  to   space 11776K, 0% used [0x00000000e4980000,0x00000000e4980000,0x00000000e5500000)
 ParOldGen       total 61440K, used 12320K [0x0000000083200000, 0x0000000086e00000, 0x00000000d6600000)
  object space 61440K, 20% used [0x0000000083200000,0x0000000083e083d0,0x0000000086e00000)
 Metaspace       used 27635K, capacity 29670K, committed 29696K, reserved 1077248K
  class space    used 3736K, capacity 4090K, committed 4096K, reserved 1048576K
GC Heap History (10 events):
Event: 13.154 GC heap before
{Heap before GC invocations=5 (full 0):
 PSYoungGen      total 136192K, used 61672K [0x00000000d6600000, 0x00000000df000000, 0x0000000100000000)
  eden space 131072K, 43% used [0x00000000d6600000,0x00000000d9d3b9f8,0x00000000de600000)
  from space 5120K, 99% used [0x00000000deb00000,0x00000000deffe9b0,0x00000000df000000)
  to   space 5120K, 0% used [0x00000000de600000,0x00000000de600000,0x00000000deb00000)
 ParOldGen       total 86016K, used 7414K [0x0000000083200000, 0x0000000088600000, 0x00000000d6600000)
  object space 86016K, 8% used [0x0000000083200000,0x000000008393d820,0x0000000088600000)
 Metaspace       used 20132K, capacity 21254K, committed 21296K, reserved 1067008K
  class space    used 2702K, capacity 2923K, committed 2944K, reserved 1048576K
Event: 13.253 GC heap after
Heap after GC invocations=5 (full 0):
 PSYoungGen      total 136192K, used 5114K [0x00000000d6600000, 0x00000000df000000, 0x0000000100000000)
  eden space 131072K, 0% used [0x00000000d6600000,0x00000000d6600000,0x00000000de600000)
  from space 5120K, 99% used [0x00000000de600000,0x00000000deafe9b0,0x00000000deb00000)
  to   space 5120K, 0% used [0x00000000deb00000,0x00000000deb00000,0x00000000df000000)
 ParOldGen       total 86016K, used 11968K [0x0000000083200000, 0x0000000088600000, 0x00000000d6600000)
  object space 86016K, 13% used [0x0000000083200000,0x0000000083db0028,0x0000000088600000)
 Metaspace       used 20132K, capacity 21254K, committed 21296K, reserved 1067008K
  class space    used 2702K, capacity 2923K, committed 2944K, reserved 1048576K
}
Event: 13.253 GC heap before
{Heap before GC invocations=6 (full 1):
 PSYoungGen      total 136192K, used 5114K [0x00000000d6600000, 0x00000000df000000, 0x0000000100000000)
  eden space 131072K, 0% used [0x00000000d6600000,0x00000000d6600000,0x00000000de600000)
  from space 5120K, 99% used [0x00000000de600000,0x00000000deafe9b0,0x00000000deb00000)
  to   space 5120K, 0% used [0x00000000deb00000,0x00000000deb00000,0x00000000df000000)
 ParOldGen       total 86016K, used 11968K [0x0000000083200000, 0x0000000088600000, 0x00000000d6600000)
  object space 86016K, 13% used [0x0000000083200000,0x0000000083db0028,0x0000000088600000)
 Metaspace       used 20132K, capacity 21254K, committed 21296K, reserved 1067008K
  class space    used 2702K, capacity 2923K, committed 2944K, reserved 1048576K
Event: 13.363 GC heap after
Heap after GC invocations=6 (full 1):
 PSYoungGen      total 136192K, used 0K [0x00000000d6600000, 0x00000000df000000, 0x0000000100000000)
  eden space 131072K, 0% used [0x00000000d6600000,0x00000000d6600000,0x00000000de600000)
  from space 5120K, 0% used [0x00000000de600000,0x00000000de600000,0x00000000deb00000)
  to   space 5120K, 0% used [0x00000000deb00000,0x00000000deb00000,0x00000000df000000)
 ParOldGen       total 53760K, used 9956K [0x0000000083200000, 0x0000000086680000, 0x00000000d6600000)
  object space 53760K, 18% used [0x0000000083200000,0x0000000083bb9138,0x0000000086680000)
 Metaspace       used 20132K, capacity 21254K, committed 21296K, reserved 1067008K
  class space    used 2702K, capacity 2923K, committed 2944K, reserved 1048576K
}
Event: 63.139 GC heap before
{Heap before GC invocations=7 (full 1):
 PSYoungGen      total 136192K, used 131072K [0x00000000d6600000, 0x00000000df000000, 0x0000000100000000)
  eden space 131072K, 100% used [0x00000000d6600000,0x00000000de600000,0x00000000de600000)
  from space 5120K, 0% used [0x00000000de600000,0x00000000de600000,0x00000000deb00000)
  to   space 5120K, 0% used [0x00000000deb00000,0x00000000deb00000,0x00000000df000000)
 ParOldGen       total 53760K, used 9956K [0x0000000083200000, 0x0000000086680000, 0x00000000d6600000)
  object space 53760K, 18% used [0x0000000083200000,0x0000000083bb9138,0x0000000086680000)
 Metaspace       used 26054K, capacity 27952K, committed 28288K, reserved 1073152K
  class space    used 3521K, capacity 3863K, committed 3968K, reserved 1048576K
Event: 63.197 GC heap after
Heap after GC invocations=7 (full 1):
 PSYoungGen      total 129024K, used 5110K [0x00000000d6600000, 0x00000000e6800000, 0x0000000100000000)
  eden space 123904K, 0% used [0x00000000d6600000,0x00000000d6600000,0x00000000ddf00000)
  from space 5120K, 99% used [0x00000000deb00000,0x00000000deffda30,0x00000000df000000)
  to   space 12288K, 0% used [0x00000000ddf00000,0x00000000ddf00000,0x00000000deb00000)
 ParOldGen       total 53760K, used 12951K [0x0000000083200000, 0x0000000086680000, 0x00000000d6600000)
  object space 53760K, 24% used [0x0000000083200000,0x0000000083ea5e88,0x0000000086680000)
 Metaspace       used 26054K, capacity 27952K, committed 28288K, reserved 1073152K
  class space    used 3521K, capacity 3863K, committed 3968K, reserved 1048576K
}
Event: 70.918 GC heap before
{Heap before GC invocations=8 (full 1):
 PSYoungGen      total 129024K, used 20412K [0x00000000d6600000, 0x00000000e6800000, 0x0000000100000000)
  eden space 123904K, 12% used [0x00000000d6600000,0x00000000d74f1698,0x00000000ddf00000)
  from space 5120K, 99% used [0x00000000deb00000,0x00000000deffda30,0x00000000df000000)
  to   space 12288K, 0% used [0x00000000ddf00000,0x00000000ddf00000,0x00000000deb00000)
 ParOldGen       total 53760K, used 12951K [0x0000000083200000, 0x0000000086680000, 0x00000000d6600000)
  object space 53760K, 24% used [0x0000000083200000,0x0000000083ea5e88,0x0000000086680000)
 Metaspace       used 27059K, capacity 29076K, committed 29184K, reserved 1079296K
  class space    used 3657K, capacity 4035K, committed 4096K, reserved 1048576K
Event: 70.933 GC heap after
Heap after GC invocations=8 (full 1):
 PSYoungGen      total 136192K, used 6042K [0x00000000d6600000, 0x00000000e5500000, 0x0000000100000000)
  eden space 123904K, 0% used [0x00000000d6600000,0x00000000d6600000,0x00000000ddf00000)
  from space 12288K, 49% used [0x00000000ddf00000,0x00000000de4e6820,0x00000000deb00000)
  to   space 11776K, 0% used [0x00000000e4980000,0x00000000e4980000,0x00000000e5500000)
 ParOldGen       total 53760K, used 12959K [0x0000000083200000, 0x0000000086680000, 0x00000000d6600000)
  object space 53760K, 24% used [0x0000000083200000,0x0000000083ea7e88,0x0000000086680000)
 Metaspace       used 27059K, capacity 29076K, committed 29184K, reserved 1079296K
  class space    used 3657K, capacity 4035K, committed 4096K, reserved 1048576K
}
Event: 70.933 GC heap before
{Heap before GC invocations=9 (full 2):
 PSYoungGen      total 136192K, used 6042K [0x00000000d6600000, 0x00000000e5500000, 0x0000000100000000)
  eden space 123904K, 0% used [0x00000000d6600000,0x00000000d6600000,0x00000000ddf00000)
  from space 12288K, 49% used [0x00000000ddf00000,0x00000000de4e6820,0x00000000deb00000)
  to   space 11776K, 0% used [0x00000000e4980000,0x00000000e4980000,0x00000000e5500000)
 ParOldGen       total 53760K, used 12959K [0x0000000083200000, 0x0000000086680000, 0x00000000d6600000)
  object space 53760K, 24% used [0x0000000083200000,0x0000000083ea7e88,0x0000000086680000)
 Metaspace       used 27059K, capacity 29076K, committed 29184K, reserved 1079296K
  class space    used 3657K, capacity 4035K, committed 4096K, reserved 1048576K
Event: 71.056 GC heap after
Heap after GC invocations=9 (full 2):
 PSYoungGen      total 136192K, used 0K [0x00000000d6600000, 0x00000000e5500000, 0x0000000100000000)
  eden space 123904K, 0% used [0x00000000d6600000,0x00000000d6600000,0x00000000ddf00000)
  from space 12288K, 0% used [0x00000000ddf00000,0x00000000ddf00000,0x00000000deb00000)
  to   space 11776K, 0% used [0x00000000e4980000,0x00000000e4980000,0x00000000e5500000)
 ParOldGen       total 61440K, used 12320K [0x0000000083200000, 0x0000000086e00000, 0x00000000d6600000)
  object space 61440K, 20% used [0x0000000083200000,0x0000000083e083d0,0x0000000086e00000)
 Metaspace       used 27059K, capacity 29076K, committed 29184K, reserved 1077248K
  class space    used 3657K, capacity 4035K, committed 4096K, reserved 1048576K
}

