# JRE version: Java(TM) SE Runtime Environment (8.0_291-b10) (build 1.8.0_291-b10)
# Java VM: Java HotSpot(TM) 64-Bit Server VM (25.291-b10 mixed mode windows-amd64 compressed oops)
Heap:
 PSYoungGen      total 244224K, used 48038K [0x00000000d6600000, 0x00000000e8380000, 0x0000000100000000)
  eden space 227840K, 14% used [0x00000000d6600000,0x00000000d8528668,0x00000000e4480000)
  from space 16384K, 98% used [0x00000000e7380000,0x00000000e8341580,0x00000000e8380000)
  to   space 23040K, 0% used [0x00000000e5680000,0x00000000e5680000,0x00000000e6d00000)
 ParOldGen       total 62976K, used 13982K [0x0000000083200000, 0x0000000086f80000, 0x00000000d6600000)
  object space 62976K, 22% used [0x0000000083200000,0x0000000083fa7928,0x0000000086f80000)
 Metaspace       used 24699K, capacity 25384K, committed 25648K, reserved 1071104K
  class space    used 2862K, capacity 3044K, committed 3120K, reserved 1048576K
GC Heap History (10 events):
Event: 17.381 GC heap before
{Heap before GC invocations=5 (full 0):
 PSYoungGen      total 70656K, used 67988K [0x00000000d6600000, 0x00000000db000000, 0x0000000100000000)
  eden space 65536K, 95% used [0x00000000d6600000,0x00000000da369050,0x00000000da600000)
  from space 5120K, 99% used [0x00000000dab00000,0x00000000daffc010,0x00000000db000000)
  to   space 5120K, 0% used [0x00000000da600000,0x00000000da600000,0x00000000dab00000)
 ParOldGen       total 86016K, used 8424K [0x0000000083200000, 0x0000000088600000, 0x00000000d6600000)
  object space 86016K, 9% used [0x0000000083200000,0x0000000083a3a058,0x0000000088600000)
 Metaspace       used 17204K, capacity 17632K, committed 17792K, reserved 1064960K
  class space    used 1999K, capacity 2123K, committed 2176K, reserved 1048576K
Event: 17.445 GC heap after
Heap after GC invocations=5 (full 0):
 PSYoungGen      total 70656K, used 5104K [0x00000000d6600000, 0x00000000e0600000, 0x0000000100000000)
  eden space 65536K, 0% used [0x00000000d6600000,0x00000000d6600000,0x00000000da600000)
  from space 5120K, 99% used [0x00000000da600000,0x00000000daafc010,0x00000000dab00000)
  to   space 16384K, 0% used [0x00000000df600000,0x00000000df600000,0x00000000e0600000)
 ParOldGen       total 86016K, used 20234K [0x0000000083200000, 0x0000000088600000, 0x00000000d6600000)
  object space 86016K, 23% used [0x0000000083200000,0x00000000845c2978,0x0000000088600000)
 Metaspace       used 17204K, capacity 17632K, committed 17792K, reserved 1064960K
  class space    used 1999K, capacity 2123K, committed 2176K, reserved 1048576K
}
Event: 19.109 GC heap before
{Heap before GC invocations=6 (full 0):
 PSYoungGen      total 70656K, used 70640K [0x00000000d6600000, 0x00000000e0600000, 0x0000000100000000)
  eden space 65536K, 100% used [0x00000000d6600000,0x00000000da600000,0x00000000da600000)
  from space 5120K, 99% used [0x00000000da600000,0x00000000daafc010,0x00000000dab00000)
  to   space 16384K, 0% used [0x00000000df600000,0x00000000df600000,0x00000000e0600000)
 ParOldGen       total 86016K, used 20234K [0x0000000083200000, 0x0000000088600000, 0x00000000d6600000)
  object space 86016K, 23% used [0x0000000083200000,0x00000000845c2978,0x0000000088600000)
 Metaspace       used 17532K, capacity 17958K, committed 18304K, reserved 1064960K
  class space    used 2012K, capacity 2125K, committed 2176K, reserved 1048576K
Event: 19.395 GC heap after
Heap after GC invocations=6 (full 0):
 PSYoungGen      total 143360K, used 16352K [0x00000000d6600000, 0x00000000e0e00000, 0x0000000100000000)
  eden space 126976K, 0% used [0x00000000d6600000,0x00000000d6600000,0x00000000de200000)
  from space 16384K, 99% used [0x00000000df600000,0x00000000e05f8010,0x00000000e0600000)
  to   space 20480K, 0% used [0x00000000de200000,0x00000000de200000,0x00000000df600000)
 ParOldGen       total 86016K, used 22005K [0x0000000083200000, 0x0000000088600000, 0x00000000d6600000)
  object space 86016K, 25% used [0x0000000083200000,0x000000008477d608,0x0000000088600000)
 Metaspace       used 17532K, capacity 17958K, committed 18304K, reserved 1064960K
  class space    used 2012K, capacity 2125K, committed 2176K, reserved 1048576K
}
Event: 21.533 GC heap before
{Heap before GC invocations=7 (full 0):
 PSYoungGen      total 143360K, used 31637K [0x00000000d6600000, 0x00000000e0e00000, 0x0000000100000000)
  eden space 126976K, 12% used [0x00000000d6600000,0x00000000d74ed570,0x00000000de200000)
  from space 16384K, 99% used [0x00000000df600000,0x00000000e05f8010,0x00000000e0600000)
  to   space 20480K, 0% used [0x00000000de200000,0x00000000de200000,0x00000000df600000)
 ParOldGen       total 86016K, used 22005K [0x0000000083200000, 0x0000000088600000, 0x00000000d6600000)
  object space 86016K, 25% used [0x0000000083200000,0x000000008477d608,0x0000000088600000)
 Metaspace       used 20710K, capacity 21184K, committed 21296K, reserved 1069056K
  class space    used 2445K, capacity 2587K, committed 2608K, reserved 1048576K
Event: 21.586 GC heap after
Heap after GC invocations=7 (full 0):
 PSYoungGen      total 147456K, used 16879K [0x00000000d6600000, 0x00000000e8900000, 0x0000000100000000)
  eden space 126976K, 0% used [0x00000000d6600000,0x00000000d6600000,0x00000000de200000)
  from space 20480K, 82% used [0x00000000de200000,0x00000000df27be40,0x00000000df600000)
  to   space 22016K, 0% used [0x00000000e7380000,0x00000000e7380000,0x00000000e8900000)
 ParOldGen       total 86016K, used 23159K [0x0000000083200000, 0x0000000088600000, 0x00000000d6600000)
  object space 86016K, 26% used [0x0000000083200000,0x000000008489dec8,0x0000000088600000)
 Metaspace       used 20710K, capacity 21184K, committed 21296K, reserved 1069056K
  class space    used 2445K, capacity 2587K, committed 2608K, reserved 1048576K
}
Event: 21.586 GC heap before
{Heap before GC invocations=8 (full 1):
 PSYoungGen      total 147456K, used 16879K [0x00000000d6600000, 0x00000000e8900000, 0x0000000100000000)
  eden space 126976K, 0% used [0x00000000d6600000,0x00000000d6600000,0x00000000de200000)
  from space 20480K, 82% used [0x00000000de200000,0x00000000df27be40,0x00000000df600000)
  to   space 22016K, 0% used [0x00000000e7380000,0x00000000e7380000,0x00000000e8900000)
 ParOldGen       total 86016K, used 23159K [0x0000000083200000, 0x0000000088600000, 0x00000000d6600000)
  object space 86016K, 26% used [0x0000000083200000,0x000000008489dec8,0x0000000088600000)
 Metaspace       used 20710K, capacity 21184K, committed 21296K, reserved 1069056K
  class space    used 2445K, capacity 2587K, committed 2608K, reserved 1048576K
Event: 21.785 GC heap after
Heap after GC invocations=8 (full 1):
 PSYoungGen      total 147456K, used 0K [0x00000000d6600000, 0x00000000e8900000, 0x0000000100000000)
  eden space 126976K, 0% used [0x00000000d6600000,0x00000000d6600000,0x00000000de200000)
  from space 20480K, 0% used [0x00000000de200000,0x00000000de200000,0x00000000df600000)
  to   space 22016K, 0% used [0x00000000e7380000,0x00000000e7380000,0x00000000e8900000)
 ParOldGen       total 62976K, used 13974K [0x0000000083200000, 0x0000000086f80000, 0x00000000d6600000)
  object space 62976K, 22% used [0x0000000083200000,0x0000000083fa5928,0x0000000086f80000)
 Metaspace       used 20710K, capacity 21184K, committed 21296K, reserved 1069056K
  class space    used 2445K, capacity 2587K, committed 2608K, reserved 1048576K
}
Event: 45.557 GC heap before
{Heap before GC invocations=9 (full 1):
 PSYoungGen      total 147456K, used 126976K [0x00000000d6600000, 0x00000000e8900000, 0x0000000100000000)
  eden space 126976K, 100% used [0x00000000d6600000,0x00000000de200000,0x00000000de200000)
  from space 20480K, 0% used [0x00000000de200000,0x00000000de200000,0x00000000df600000)
  to   space 22016K, 0% used [0x00000000e7380000,0x00000000e7380000,0x00000000e8900000)
 ParOldGen       total 62976K, used 13974K [0x0000000083200000, 0x0000000086f80000, 0x00000000d6600000)
  object space 62976K, 22% used [0x0000000083200000,0x0000000083fa5928,0x0000000086f80000)
 Metaspace       used 24172K, capacity 24784K, committed 25008K, reserved 1071104K
  class space    used 2800K, capacity 2953K, committed 2992K, reserved 1048576K
Event: 45.579 GC heap after
Heap after GC invocations=9 (full 1):
 PSYoungGen      total 244224K, used 16133K [0x00000000d6600000, 0x00000000e8380000, 0x0000000100000000)
  eden space 227840K, 0% used [0x00000000d6600000,0x00000000d6600000,0x00000000e4480000)
  from space 16384K, 98% used [0x00000000e7380000,0x00000000e8341580,0x00000000e8380000)
  to   space 23040K, 0% used [0x00000000e5680000,0x00000000e5680000,0x00000000e6d00000)
 ParOldGen       total 62976K, used 13982K [0x0000000083200000, 0x0000000086f80000, 0x00000000d6600000)
  object space 62976K, 22% used [0x0000000083200000,0x0000000083fa7928,0x0000000086f80000)
 Metaspace       used 24172K, capacity 24784K, committed 25008K, reserved 1071104K
  class space    used 2800K, capacity 2953K, committed 2992K, reserved 1048576K
}

