# JRE version: Java(TM) SE Runtime Environment (8.0_291-b10) (build 1.8.0_291-b10)
# Java VM: Java HotSpot(TM) 64-Bit Server VM (25.291-b10 mixed mode windows-amd64 compressed oops)
Heap:
 PSYoungGen      total 136192K, used 12757K [0x00000000d6600000, 0x00000000e5e00000, 0x0000000100000000)
  eden space 123904K, 10% used [0x00000000d6600000,0x00000000d7275518,0x00000000ddf00000)
  from space 12288K, 0% used [0x00000000ddf00000,0x00000000ddf00000,0x00000000deb00000)
  to   space 11776K, 0% used [0x00000000e5280000,0x00000000e5280000,0x00000000e5e00000)
 ParOldGen       total 57856K, used 12306K [0x0000000083200000, 0x0000000086a80000, 0x00000000d6600000)
  object space 57856K, 21% used [0x0000000083200000,0x0000000083e04960,0x0000000086a80000)
 Metaspace       used 27649K, capacity 29702K, committed 29824K, reserved 1077248K
  class space    used 3738K, capacity 4122K, committed 4224K, reserved 1048576K
GC Heap History (10 events):
Event: 11.093 GC heap before
{Heap before GC invocations=5 (full 0):
 PSYoungGen      total 136192K, used 61647K [0x00000000d6600000, 0x00000000df000000, 0x0000000100000000)
  eden space 131072K, 43% used [0x00000000d6600000,0x00000000d9d39370,0x00000000de600000)
  from space 5120K, 99% used [0x00000000deb00000,0x00000000deffab58,0x00000000df000000)
  to   space 5120K, 0% used [0x00000000de600000,0x00000000de600000,0x00000000deb00000)
 ParOldGen       total 86016K, used 7403K [0x0000000083200000, 0x0000000088600000, 0x00000000d6600000)
  object space 86016K, 8% used [0x0000000083200000,0x000000008393ad30,0x0000000088600000)
 Metaspace       used 20142K, capacity 21258K, committed 21296K, reserved 1067008K
  class space    used 2703K, capacity 2923K, committed 2944K, reserved 1048576K
Event: 11.137 GC heap after
Heap after GC invocations=5 (full 0):
 PSYoungGen      total 136192K, used 5104K [0x00000000d6600000, 0x00000000df000000, 0x0000000100000000)
  eden space 131072K, 0% used [0x00000000d6600000,0x00000000d6600000,0x00000000de600000)
  from space 5120K, 99% used [0x00000000de600000,0x00000000deafc170,0x00000000deb00000)
  to   space 5120K, 0% used [0x00000000deb00000,0x00000000deb00000,0x00000000df000000)
 ParOldGen       total 86016K, used 11985K [0x0000000083200000, 0x0000000088600000, 0x00000000d6600000)
  object space 86016K, 13% used [0x0000000083200000,0x0000000083db4478,0x0000000088600000)
 Metaspace       used 20142K, capacity 21258K, committed 21296K, reserved 1067008K
  class space    used 2703K, capacity 2923K, committed 2944K, reserved 1048576K
}
Event: 11.137 GC heap before
{Heap before GC invocations=6 (full 1):
 PSYoungGen      total 136192K, used 5104K [0x00000000d6600000, 0x00000000df000000, 0x0000000100000000)
  eden space 131072K, 0% used [0x00000000d6600000,0x00000000d6600000,0x00000000de600000)
  from space 5120K, 99% used [0x00000000de600000,0x00000000deafc170,0x00000000deb00000)
  to   space 5120K, 0% used [0x00000000deb00000,0x00000000deb00000,0x00000000df000000)
 ParOldGen       total 86016K, used 11985K [0x0000000083200000, 0x0000000088600000, 0x00000000d6600000)
  object space 86016K, 13% used [0x0000000083200000,0x0000000083db4478,0x0000000088600000)
 Metaspace       used 20142K, capacity 21258K, committed 21296K, reserved 1067008K
  class space    used 2703K, capacity 2923K, committed 2944K, reserved 1048576K
Event: 11.224 GC heap after
Heap after GC invocations=6 (full 1):
 PSYoungGen      total 136192K, used 0K [0x00000000d6600000, 0x00000000df000000, 0x0000000100000000)
  eden space 131072K, 0% used [0x00000000d6600000,0x00000000d6600000,0x00000000de600000)
  from space 5120K, 0% used [0x00000000de600000,0x00000000de600000,0x00000000deb00000)
  to   space 5120K, 0% used [0x00000000deb00000,0x00000000deb00000,0x00000000df000000)
 ParOldGen       total 52224K, used 9952K [0x0000000083200000, 0x0000000086500000, 0x00000000d6600000)
  object space 52224K, 19% used [0x0000000083200000,0x0000000083bb80c8,0x0000000086500000)
 Metaspace       used 20142K, capacity 21258K, committed 21296K, reserved 1067008K
  class space    used 2703K, capacity 2923K, committed 2944K, reserved 1048576K
}
Event: 63.031 GC heap before
{Heap before GC invocations=7 (full 1):
 PSYoungGen      total 136192K, used 131072K [0x00000000d6600000, 0x00000000df000000, 0x0000000100000000)
  eden space 131072K, 100% used [0x00000000d6600000,0x00000000de600000,0x00000000de600000)
  from space 5120K, 0% used [0x00000000de600000,0x00000000de600000,0x00000000deb00000)
  to   space 5120K, 0% used [0x00000000deb00000,0x00000000deb00000,0x00000000df000000)
 ParOldGen       total 52224K, used 9952K [0x0000000083200000, 0x0000000086500000, 0x00000000d6600000)
  object space 52224K, 19% used [0x0000000083200000,0x0000000083bb80c8,0x0000000086500000)
 Metaspace       used 26061K, capacity 27984K, committed 28288K, reserved 1073152K
  class space    used 3523K, capacity 3895K, committed 3968K, reserved 1048576K
Event: 63.071 GC heap after
Heap after GC invocations=7 (full 1):
 PSYoungGen      total 129024K, used 5119K [0x00000000d6600000, 0x00000000e7000000, 0x0000000100000000)
  eden space 123904K, 0% used [0x00000000d6600000,0x00000000d6600000,0x00000000ddf00000)
  from space 5120K, 99% used [0x00000000deb00000,0x00000000defffc10,0x00000000df000000)
  to   space 12288K, 0% used [0x00000000ddf00000,0x00000000ddf00000,0x00000000deb00000)
 ParOldGen       total 52224K, used 12926K [0x0000000083200000, 0x0000000086500000, 0x00000000d6600000)
  object space 52224K, 24% used [0x0000000083200000,0x0000000083e9faa8,0x0000000086500000)
 Metaspace       used 26061K, capacity 27984K, committed 28288K, reserved 1073152K
  class space    used 3523K, capacity 3895K, committed 3968K, reserved 1048576K
}
Event: 70.717 GC heap before
{Heap before GC invocations=8 (full 1):
 PSYoungGen      total 129024K, used 20410K [0x00000000d6600000, 0x00000000e7000000, 0x0000000100000000)
  eden space 123904K, 12% used [0x00000000d6600000,0x00000000d74eedc8,0x00000000ddf00000)
  from space 5120K, 99% used [0x00000000deb00000,0x00000000defffc10,0x00000000df000000)
  to   space 12288K, 0% used [0x00000000ddf00000,0x00000000ddf00000,0x00000000deb00000)
 ParOldGen       total 52224K, used 12926K [0x0000000083200000, 0x0000000086500000, 0x00000000d6600000)
  object space 52224K, 24% used [0x0000000083200000,0x0000000083e9faa8,0x0000000086500000)
 Metaspace       used 27076K, capacity 29108K, committed 29184K, reserved 1079296K
  class space    used 3658K, capacity 4067K, committed 4096K, reserved 1048576K
Event: 70.733 GC heap after
Heap after GC invocations=8 (full 1):
 PSYoungGen      total 136192K, used 6010K [0x00000000d6600000, 0x00000000e5e00000, 0x0000000100000000)
  eden space 123904K, 0% used [0x00000000d6600000,0x00000000d6600000,0x00000000ddf00000)
  from space 12288K, 48% used [0x00000000ddf00000,0x00000000de4de820,0x00000000deb00000)
  to   space 11776K, 0% used [0x00000000e5280000,0x00000000e5280000,0x00000000e5e00000)
 ParOldGen       total 52224K, used 12934K [0x0000000083200000, 0x0000000086500000, 0x00000000d6600000)
  object space 52224K, 24% used [0x0000000083200000,0x0000000083ea1aa8,0x0000000086500000)
 Metaspace       used 27076K, capacity 29108K, committed 29184K, reserved 1079296K
  class space    used 3658K, capacity 4067K, committed 4096K, reserved 1048576K
}
Event: 70.733 GC heap before
{Heap before GC invocations=9 (full 2):
 PSYoungGen      total 136192K, used 6010K [0x00000000d6600000, 0x00000000e5e00000, 0x0000000100000000)
  eden space 123904K, 0% used [0x00000000d6600000,0x00000000d6600000,0x00000000ddf00000)
  from space 12288K, 48% used [0x00000000ddf00000,0x00000000de4de820,0x00000000deb00000)
  to   space 11776K, 0% used [0x00000000e5280000,0x00000000e5280000,0x00000000e5e00000)
 ParOldGen       total 52224K, used 12934K [0x0000000083200000, 0x0000000086500000, 0x00000000d6600000)
  object space 52224K, 24% used [0x0000000083200000,0x0000000083ea1aa8,0x0000000086500000)
 Metaspace       used 27076K, capacity 29108K, committed 29184K, reserved 1079296K
  class space    used 3658K, capacity 4067K, committed 4096K, reserved 1048576K
Event: 70.838 GC heap after
Heap after GC invocations=9 (full 2):
 PSYoungGen      total 136192K, used 0K [0x00000000d6600000, 0x00000000e5e00000, 0x0000000100000000)
  eden space 123904K, 0% used [0x00000000d6600000,0x00000000d6600000,0x00000000ddf00000)
  from space 12288K, 0% used [0x00000000ddf00000,0x00000000ddf00000,0x00000000deb00000)
  to   space 11776K, 0% used [0x00000000e5280000,0x00000000e5280000,0x00000000e5e00000)
 ParOldGen       total 57856K, used 12306K [0x0000000083200000, 0x0000000086a80000, 0x00000000d6600000)
  object space 57856K, 21% used [0x0000000083200000,0x0000000083e04960,0x0000000086a80000)
 Metaspace       used 27076K, capacity 29108K, committed 29184K, reserved 1077248K
  class space    used 3658K, capacity 4067K, committed 4096K, reserved 1048576K
}

