# JRE version: Java(TM) SE Runtime Environment (8.0_291-b10) (build 1.8.0_291-b10)
# Java VM: Java HotSpot(TM) 64-Bit Server VM (25.291-b10 mixed mode windows-amd64 compressed oops)
Heap:
 PSYoungGen      total 256000K, used 45068K [0x00000000d6600000, 0x00000000e8780000, 0x0000000100000000)
  eden space 239616K, 11% used [0x00000000d6600000,0x00000000d820f228,0x00000000e5000000)
  from space 16384K, 99% used [0x00000000e7780000,0x00000000e8774118,0x00000000e8780000)
  to   space 20480K, 0% used [0x00000000e5f80000,0x00000000e5f80000,0x00000000e7380000)
 ParOldGen       total 65024K, used 14957K [0x0000000083200000, 0x0000000087180000, 0x00000000d6600000)
  object space 65024K, 23% used [0x0000000083200000,0x000000008409b498,0x0000000087180000)
 Metaspace       used 24612K, capacity 25320K, committed 25648K, reserved 1071104K
  class space    used 2860K, capacity 3044K, committed 3120K, reserved 1048576K
GC Heap History (10 events):
Event: 11.917 GC heap before
{Heap before GC invocations=3 (full 0):
 PSYoungGen      total 70656K, used 70642K [0x00000000d6600000, 0x00000000db000000, 0x0000000100000000)
  eden space 65536K, 100% used [0x00000000d6600000,0x00000000da600000,0x00000000da600000)
  from space 5120K, 99% used [0x00000000dab00000,0x00000000daffc848,0x00000000db000000)
  to   space 5120K, 0% used [0x00000000da600000,0x00000000da600000,0x00000000dab00000)
 ParOldGen       total 86016K, used 1641K [0x0000000083200000, 0x0000000088600000, 0x00000000d6600000)
  object space 86016K, 1% used [0x0000000083200000,0x000000008339a7a8,0x0000000088600000)
 Metaspace       used 15562K, capacity 15806K, committed 16128K, reserved 1062912K
  class space    used 1861K, capacity 1948K, committed 2048K, reserved 1048576K
Event: 11.994 GC heap after
Heap after GC invocations=3 (full 0):
 PSYoungGen      total 70656K, used 5104K [0x00000000d6600000, 0x00000000df000000, 0x0000000100000000)
  eden space 65536K, 0% used [0x00000000d6600000,0x00000000d6600000,0x00000000da600000)
  from space 5120K, 99% used [0x00000000da600000,0x00000000daafc030,0x00000000dab00000)
  to   space 5120K, 0% used [0x00000000deb00000,0x00000000deb00000,0x00000000df000000)
 ParOldGen       total 86016K, used 8289K [0x0000000083200000, 0x0000000088600000, 0x00000000d6600000)
  object space 86016K, 9% used [0x0000000083200000,0x0000000083a186d8,0x0000000088600000)
 Metaspace       used 15562K, capacity 15806K, committed 16128K, reserved 1062912K
  class space    used 1861K, capacity 1948K, committed 2048K, reserved 1048576K
}
Event: 15.984 GC heap before
{Heap before GC invocations=4 (full 0):
 PSYoungGen      total 70656K, used 67425K [0x00000000d6600000, 0x00000000df000000, 0x0000000100000000)
  eden space 65536K, 95% used [0x00000000d6600000,0x00000000da2dc4e0,0x00000000da600000)
  from space 5120K, 99% used [0x00000000da600000,0x00000000daafc030,0x00000000dab00000)
  to   space 5120K, 0% used [0x00000000deb00000,0x00000000deb00000,0x00000000df000000)
 ParOldGen       total 86016K, used 8289K [0x0000000083200000, 0x0000000088600000, 0x00000000d6600000)
  object space 86016K, 9% used [0x0000000083200000,0x0000000083a186d8,0x0000000088600000)
 Metaspace       used 17196K, capacity 17632K, committed 17792K, reserved 1064960K
  class space    used 1996K, capacity 2123K, committed 2176K, reserved 1048576K
Event: 16.008 GC heap after
Heap after GC invocations=4 (full 0):
 PSYoungGen      total 136192K, used 5088K [0x00000000d6600000, 0x00000000df000000, 0x0000000100000000)
  eden space 131072K, 0% used [0x00000000d6600000,0x00000000d6600000,0x00000000de600000)
  from space 5120K, 99% used [0x00000000deb00000,0x00000000deff8020,0x00000000df000000)
  to   space 5120K, 0% used [0x00000000de600000,0x00000000de600000,0x00000000deb00000)
 ParOldGen       total 86016K, used 20171K [0x0000000083200000, 0x0000000088600000, 0x00000000d6600000)
  object space 86016K, 23% used [0x0000000083200000,0x00000000845b2f48,0x0000000088600000)
 Metaspace       used 17196K, capacity 17632K, committed 17792K, reserved 1064960K
  class space    used 1996K, capacity 2123K, committed 2176K, reserved 1048576K
}
Event: 17.283 GC heap before
{Heap before GC invocations=5 (full 0):
 PSYoungGen      total 136192K, used 87587K [0x00000000d6600000, 0x00000000df000000, 0x0000000100000000)
  eden space 131072K, 62% used [0x00000000d6600000,0x00000000db690fc8,0x00000000de600000)
  from space 5120K, 99% used [0x00000000deb00000,0x00000000deff8020,0x00000000df000000)
  to   space 5120K, 0% used [0x00000000de600000,0x00000000de600000,0x00000000deb00000)
 ParOldGen       total 86016K, used 20171K [0x0000000083200000, 0x0000000088600000, 0x00000000d6600000)
  object space 86016K, 23% used [0x0000000083200000,0x00000000845b2f48,0x0000000088600000)
 Metaspace       used 20692K, capacity 21184K, committed 21296K, reserved 1069056K
  class space    used 2441K, capacity 2587K, committed 2608K, reserved 1048576K
Event: 17.363 GC heap after
Heap after GC invocations=5 (full 0):
 PSYoungGen      total 136192K, used 5088K [0x00000000d6600000, 0x00000000e8900000, 0x0000000100000000)
  eden space 131072K, 0% used [0x00000000d6600000,0x00000000d6600000,0x00000000de600000)
  from space 5120K, 99% used [0x00000000de600000,0x00000000deaf8020,0x00000000deb00000)
  to   space 17920K, 0% used [0x00000000e7780000,0x00000000e7780000,0x00000000e8900000)
 ParOldGen       total 86016K, used 23061K [0x0000000083200000, 0x0000000088600000, 0x00000000d6600000)
  object space 86016K, 26% used [0x0000000083200000,0x0000000084885430,0x0000000088600000)
 Metaspace       used 20692K, capacity 21184K, committed 21296K, reserved 1069056K
  class space    used 2441K, capacity 2587K, committed 2608K, reserved 1048576K
}
Event: 17.364 GC heap before
{Heap before GC invocations=6 (full 1):
 PSYoungGen      total 136192K, used 5088K [0x00000000d6600000, 0x00000000e8900000, 0x0000000100000000)
  eden space 131072K, 0% used [0x00000000d6600000,0x00000000d6600000,0x00000000de600000)
  from space 5120K, 99% used [0x00000000de600000,0x00000000deaf8020,0x00000000deb00000)
  to   space 17920K, 0% used [0x00000000e7780000,0x00000000e7780000,0x00000000e8900000)
 ParOldGen       total 86016K, used 23061K [0x0000000083200000, 0x0000000088600000, 0x00000000d6600000)
  object space 86016K, 26% used [0x0000000083200000,0x0000000084885430,0x0000000088600000)
 Metaspace       used 20692K, capacity 21184K, committed 21296K, reserved 1069056K
  class space    used 2441K, capacity 2587K, committed 2608K, reserved 1048576K
Event: 17.571 GC heap after
Heap after GC invocations=6 (full 1):
 PSYoungGen      total 136192K, used 0K [0x00000000d6600000, 0x00000000e8900000, 0x0000000100000000)
  eden space 131072K, 0% used [0x00000000d6600000,0x00000000d6600000,0x00000000de600000)
  from space 5120K, 0% used [0x00000000de600000,0x00000000de600000,0x00000000deb00000)
  to   space 17920K, 0% used [0x00000000e7780000,0x00000000e7780000,0x00000000e8900000)
 ParOldGen       total 65024K, used 14949K [0x0000000083200000, 0x0000000087180000, 0x00000000d6600000)
  object space 65024K, 22% used [0x0000000083200000,0x0000000084099498,0x0000000087180000)
 Metaspace       used 20692K, capacity 21184K, committed 21296K, reserved 1069056K
  class space    used 2441K, capacity 2587K, committed 2608K, reserved 1048576K
}
Event: 40.561 GC heap before
{Heap before GC invocations=7 (full 1):
 PSYoungGen      total 136192K, used 131072K [0x00000000d6600000, 0x00000000e8900000, 0x0000000100000000)
  eden space 131072K, 100% used [0x00000000d6600000,0x00000000de600000,0x00000000de600000)
  from space 5120K, 0% used [0x00000000de600000,0x00000000de600000,0x00000000deb00000)
  to   space 17920K, 0% used [0x00000000e7780000,0x00000000e7780000,0x00000000e8900000)
 ParOldGen       total 65024K, used 14949K [0x0000000083200000, 0x0000000087180000, 0x00000000d6600000)
  object space 65024K, 22% used [0x0000000083200000,0x0000000084099498,0x0000000087180000)
 Metaspace       used 24304K, capacity 24944K, committed 25008K, reserved 1071104K
  class space    used 2814K, capacity 2985K, committed 2992K, reserved 1048576K
Event: 40.579 GC heap after
Heap after GC invocations=7 (full 1):
 PSYoungGen      total 256000K, used 16336K [0x00000000d6600000, 0x00000000e8780000, 0x0000000100000000)
  eden space 239616K, 0% used [0x00000000d6600000,0x00000000d6600000,0x00000000e5000000)
  from space 16384K, 99% used [0x00000000e7780000,0x00000000e8774118,0x00000000e8780000)
  to   space 20480K, 0% used [0x00000000e5f80000,0x00000000e5f80000,0x00000000e7380000)
 ParOldGen       total 65024K, used 14957K [0x0000000083200000, 0x0000000087180000, 0x00000000d6600000)
  object space 65024K, 23% used [0x0000000083200000,0x000000008409b498,0x0000000087180000)
 Metaspace       used 24304K, capacity 24944K, committed 25008K, reserved 1071104K
  class space    used 2814K, capacity 2985K, committed 2992K, reserved 1048576K
}

