# JRE version: Java(TM) SE Runtime Environment (8.0_291-b10) (build 1.8.0_291-b10)
# Java VM: Java HotSpot(TM) 64-Bit Server VM (25.291-b10 mixed mode windows-amd64 compressed oops)
Heap:
 PSYoungGen      total 140800K, used 66013K [0x00000000d6600000, 0x00000000df900000, 0x0000000100000000)
  eden space 131072K, 50% used [0x00000000d6600000,0x00000000da677630,0x00000000de600000)
  from space 9728K, 0% used [0x00000000def80000,0x00000000def80000,0x00000000df900000)
  to   space 9728K, 0% used [0x00000000de600000,0x00000000de600000,0x00000000def80000)
 ParOldGen       total 67584K, used 14020K [0x0000000083200000, 0x0000000087400000, 0x00000000d6600000)
  object space 67584K, 20% used [0x0000000083200000,0x0000000083fb1020,0x0000000087400000)
 Metaspace       used 22080K, capacity 22524K, committed 22704K, reserved 1069056K
  class space    used 2590K, capacity 2715K, committed 2736K, reserved 1048576K
GC Heap History (10 events):
Event: 5.964 GC heap before
{Heap before GC invocations=5 (full 0):
 PSYoungGen      total 37888K, used 37872K [0x00000000d6600000, 0x00000000d9000000, 0x0000000100000000)
  eden space 32768K, 100% used [0x00000000d6600000,0x00000000d8600000,0x00000000d8600000)
  from space 5120K, 99% used [0x00000000d8b00000,0x00000000d8ffc030,0x00000000d9000000)
  to   space 5120K, 0% used [0x00000000d8600000,0x00000000d8600000,0x00000000d8b00000)
 ParOldGen       total 86016K, used 8418K [0x0000000083200000, 0x0000000088600000, 0x00000000d6600000)
  object space 86016K, 9% used [0x0000000083200000,0x0000000083a388d8,0x0000000088600000)
 Metaspace       used 16013K, capacity 16254K, committed 16384K, reserved 1062912K
  class space    used 1883K, capacity 1986K, committed 2048K, reserved 1048576K
Event: 5.980 GC heap after
Heap after GC invocations=5 (full 0):
 PSYoungGen      total 37888K, used 5104K [0x00000000d6600000, 0x00000000db900000, 0x0000000100000000)
  eden space 32768K, 0% used [0x00000000d6600000,0x00000000d6600000,0x00000000d8600000)
  from space 5120K, 99% used [0x00000000d8600000,0x00000000d8afc030,0x00000000d8b00000)
  to   space 9728K, 0% used [0x00000000daf80000,0x00000000daf80000,0x00000000db900000)
 ParOldGen       total 86016K, used 10530K [0x0000000083200000, 0x0000000088600000, 0x00000000d6600000)
  object space 86016K, 12% used [0x0000000083200000,0x0000000083c48b70,0x0000000088600000)
 Metaspace       used 16013K, capacity 16254K, committed 16384K, reserved 1062912K
  class space    used 1883K, capacity 1986K, committed 2048K, reserved 1048576K
}
Event: 6.329 GC heap before
{Heap before GC invocations=6 (full 0):
 PSYoungGen      total 37888K, used 35692K [0x00000000d6600000, 0x00000000db900000, 0x0000000100000000)
  eden space 32768K, 93% used [0x00000000d6600000,0x00000000d83df360,0x00000000d8600000)
  from space 5120K, 99% used [0x00000000d8600000,0x00000000d8afc030,0x00000000d8b00000)
  to   space 9728K, 0% used [0x00000000daf80000,0x00000000daf80000,0x00000000db900000)
 ParOldGen       total 86016K, used 10530K [0x0000000083200000, 0x0000000088600000, 0x00000000d6600000)
  object space 86016K, 12% used [0x0000000083200000,0x0000000083c48b70,0x0000000088600000)
 Metaspace       used 17169K, capacity 17564K, committed 17792K, reserved 1064960K
  class space    used 1999K, capacity 2123K, committed 2176K, reserved 1048576K
Event: 6.345 GC heap after
Heap after GC invocations=6 (full 0):
 PSYoungGen      total 75264K, used 7523K [0x00000000d6600000, 0x00000000db900000, 0x0000000100000000)
  eden space 65536K, 0% used [0x00000000d6600000,0x00000000d6600000,0x00000000da600000)
  from space 9728K, 77% used [0x00000000daf80000,0x00000000db6d8f98,0x00000000db900000)
  to   space 9728K, 0% used [0x00000000da600000,0x00000000da600000,0x00000000daf80000)
 ParOldGen       total 86016K, used 18218K [0x0000000083200000, 0x0000000088600000, 0x00000000d6600000)
  object space 86016K, 21% used [0x0000000083200000,0x00000000843cab80,0x0000000088600000)
 Metaspace       used 17169K, capacity 17564K, committed 17792K, reserved 1064960K
  class space    used 1999K, capacity 2123K, committed 2176K, reserved 1048576K
}
Event: 6.827 GC heap before
{Heap before GC invocations=7 (full 0):
 PSYoungGen      total 75264K, used 73059K [0x00000000d6600000, 0x00000000db900000, 0x0000000100000000)
  eden space 65536K, 100% used [0x00000000d6600000,0x00000000da600000,0x00000000da600000)
  from space 9728K, 77% used [0x00000000daf80000,0x00000000db6d8f98,0x00000000db900000)
  to   space 9728K, 0% used [0x00000000da600000,0x00000000da600000,0x00000000daf80000)
 ParOldGen       total 86016K, used 18218K [0x0000000083200000, 0x0000000088600000, 0x00000000d6600000)
  object space 86016K, 21% used [0x0000000083200000,0x00000000843cab80,0x0000000088600000)
 Metaspace       used 17451K, capacity 17820K, committed 18048K, reserved 1064960K
  class space    used 2012K, capacity 2123K, committed 2176K, reserved 1048576K
Event: 6.840 GC heap after
Heap after GC invocations=7 (full 0):
 PSYoungGen      total 75264K, used 6080K [0x00000000d6600000, 0x00000000df900000, 0x0000000100000000)
  eden space 65536K, 0% used [0x00000000d6600000,0x00000000d6600000,0x00000000da600000)
  from space 9728K, 62% used [0x00000000da600000,0x00000000dabf0020,0x00000000daf80000)
  to   space 9728K, 0% used [0x00000000def80000,0x00000000def80000,0x00000000df900000)
 ParOldGen       total 86016K, used 20037K [0x0000000083200000, 0x0000000088600000, 0x00000000d6600000)
  object space 86016K, 23% used [0x0000000083200000,0x0000000084591440,0x0000000088600000)
 Metaspace       used 17451K, capacity 17820K, committed 18048K, reserved 1064960K
  class space    used 2012K, capacity 2123K, committed 2176K, reserved 1048576K
}
Event: 23.502 GC heap before
{Heap before GC invocations=8 (full 0):
 PSYoungGen      total 75264K, used 21721K [0x00000000d6600000, 0x00000000df900000, 0x0000000100000000)
  eden space 65536K, 23% used [0x00000000d6600000,0x00000000d75463e0,0x00000000da600000)
  from space 9728K, 62% used [0x00000000da600000,0x00000000dabf0020,0x00000000daf80000)
  to   space 9728K, 0% used [0x00000000def80000,0x00000000def80000,0x00000000df900000)
 ParOldGen       total 86016K, used 20037K [0x0000000083200000, 0x0000000088600000, 0x00000000d6600000)
  object space 86016K, 23% used [0x0000000083200000,0x0000000084591440,0x0000000088600000)
 Metaspace       used 20676K, capacity 21180K, committed 21296K, reserved 1069056K
  class space    used 2445K, capacity 2587K, committed 2608K, reserved 1048576K
Event: 23.656 GC heap after
Heap after GC invocations=8 (full 0):
 PSYoungGen      total 140800K, used 5255K [0x00000000d6600000, 0x00000000df900000, 0x0000000100000000)
  eden space 131072K, 0% used [0x00000000d6600000,0x00000000d6600000,0x00000000de600000)
  from space 9728K, 54% used [0x00000000def80000,0x00000000df4a1f58,0x00000000df900000)
  to   space 9728K, 0% used [0x00000000de600000,0x00000000de600000,0x00000000def80000)
 ParOldGen       total 86016K, used 22405K [0x0000000083200000, 0x0000000088600000, 0x00000000d6600000)
  object space 86016K, 26% used [0x0000000083200000,0x00000000847e1450,0x0000000088600000)
 Metaspace       used 20676K, capacity 21180K, committed 21296K, reserved 1069056K
  class space    used 2445K, capacity 2587K, committed 2608K, reserved 1048576K
}
Event: 23.656 GC heap before
{Heap before GC invocations=9 (full 1):
 PSYoungGen      total 140800K, used 5255K [0x00000000d6600000, 0x00000000df900000, 0x0000000100000000)
  eden space 131072K, 0% used [0x00000000d6600000,0x00000000d6600000,0x00000000de600000)
  from space 9728K, 54% used [0x00000000def80000,0x00000000df4a1f58,0x00000000df900000)
  to   space 9728K, 0% used [0x00000000de600000,0x00000000de600000,0x00000000def80000)
 ParOldGen       total 86016K, used 22405K [0x0000000083200000, 0x0000000088600000, 0x00000000d6600000)
  object space 86016K, 26% used [0x0000000083200000,0x00000000847e1450,0x0000000088600000)
 Metaspace       used 20676K, capacity 21180K, committed 21296K, reserved 1069056K
  class space    used 2445K, capacity 2587K, committed 2608K, reserved 1048576K
Event: 23.946 GC heap after
Heap after GC invocations=9 (full 1):
 PSYoungGen      total 140800K, used 0K [0x00000000d6600000, 0x00000000df900000, 0x0000000100000000)
  eden space 131072K, 0% used [0x00000000d6600000,0x00000000d6600000,0x00000000de600000)
  from space 9728K, 0% used [0x00000000def80000,0x00000000def80000,0x00000000df900000)
  to   space 9728K, 0% used [0x00000000de600000,0x00000000de600000,0x00000000def80000)
 ParOldGen       total 67584K, used 14020K [0x0000000083200000, 0x0000000087400000, 0x00000000d6600000)
  object space 67584K, 20% used [0x0000000083200000,0x0000000083fb1020,0x0000000087400000)
 Metaspace       used 20676K, capacity 21180K, committed 21296K, reserved 1069056K
  class space    used 2445K, capacity 2587K, committed 2608K, reserved 1048576K
}

