# JRE version: Java(TM) SE Runtime Environment (8.0_291-b10) (build 1.8.0_291-b10)
# Java VM: Java HotSpot(TM) 64-Bit Server VM (25.291-b10 mixed mode windows-amd64 compressed oops)
Heap:
 PSYoungGen      total 136192K, used 12756K [0x00000000d6600000, 0x00000000e5a00000, 0x0000000100000000)
  eden space 123904K, 10% used [0x00000000d6600000,0x00000000d7275260,0x00000000ddf00000)
  from space 12288K, 0% used [0x00000000ddf00000,0x00000000ddf00000,0x00000000deb00000)
  to   space 11776K, 0% used [0x00000000e4e80000,0x00000000e4e80000,0x00000000e5a00000)
 ParOldGen       total 60416K, used 12354K [0x0000000083200000, 0x0000000086d00000, 0x00000000d6600000)
  object space 60416K, 20% used [0x0000000083200000,0x0000000083e10b68,0x0000000086d00000)
 Metaspace       used 27623K, capacity 29674K, committed 29696K, reserved 1077248K
  class space    used 3736K, capacity 4090K, committed 4096K, reserved 1048576K
GC Heap History (10 events):
Event: 13.311 GC heap before
{Heap before GC invocations=5 (full 0):
 PSYoungGen      total 136192K, used 63314K [0x00000000d6600000, 0x00000000df000000, 0x0000000100000000)
  eden space 131072K, 44% used [0x00000000d6600000,0x00000000d9ed4900,0x00000000de600000)
  from space 5120K, 99% used [0x00000000deb00000,0x00000000deffffc8,0x00000000df000000)
  to   space 5120K, 0% used [0x00000000de600000,0x00000000de600000,0x00000000deb00000)
 ParOldGen       total 86016K, used 7376K [0x0000000083200000, 0x0000000088600000, 0x00000000d6600000)
  object space 86016K, 8% used [0x0000000083200000,0x00000000839343e8,0x0000000088600000)
 Metaspace       used 20104K, capacity 21194K, committed 21296K, reserved 1067008K
  class space    used 2703K, capacity 2923K, committed 2944K, reserved 1048576K
Event: 13.335 GC heap after
Heap after GC invocations=5 (full 0):
 PSYoungGen      total 136192K, used 5114K [0x00000000d6600000, 0x00000000df000000, 0x0000000100000000)
  eden space 131072K, 0% used [0x00000000d6600000,0x00000000d6600000,0x00000000de600000)
  from space 5120K, 99% used [0x00000000de600000,0x00000000deafe990,0x00000000deb00000)
  to   space 5120K, 0% used [0x00000000deb00000,0x00000000deb00000,0x00000000df000000)
 ParOldGen       total 86016K, used 11950K [0x0000000083200000, 0x0000000088600000, 0x00000000d6600000)
  object space 86016K, 13% used [0x0000000083200000,0x0000000083dabbd8,0x0000000088600000)
 Metaspace       used 20104K, capacity 21194K, committed 21296K, reserved 1067008K
  class space    used 2703K, capacity 2923K, committed 2944K, reserved 1048576K
}
Event: 13.335 GC heap before
{Heap before GC invocations=6 (full 1):
 PSYoungGen      total 136192K, used 5114K [0x00000000d6600000, 0x00000000df000000, 0x0000000100000000)
  eden space 131072K, 0% used [0x00000000d6600000,0x00000000d6600000,0x00000000de600000)
  from space 5120K, 99% used [0x00000000de600000,0x00000000deafe990,0x00000000deb00000)
  to   space 5120K, 0% used [0x00000000deb00000,0x00000000deb00000,0x00000000df000000)
 ParOldGen       total 86016K, used 11950K [0x0000000083200000, 0x0000000088600000, 0x00000000d6600000)
  object space 86016K, 13% used [0x0000000083200000,0x0000000083dabbd8,0x0000000088600000)
 Metaspace       used 20104K, capacity 21194K, committed 21296K, reserved 1067008K
  class space    used 2703K, capacity 2923K, committed 2944K, reserved 1048576K
Event: 13.399 GC heap after
Heap after GC invocations=6 (full 1):
 PSYoungGen      total 136192K, used 0K [0x00000000d6600000, 0x00000000df000000, 0x0000000100000000)
  eden space 131072K, 0% used [0x00000000d6600000,0x00000000d6600000,0x00000000de600000)
  from space 5120K, 0% used [0x00000000de600000,0x00000000de600000,0x00000000deb00000)
  to   space 5120K, 0% used [0x00000000deb00000,0x00000000deb00000,0x00000000df000000)
 ParOldGen       total 53248K, used 9951K [0x0000000083200000, 0x0000000086600000, 0x00000000d6600000)
  object space 53248K, 18% used [0x0000000083200000,0x0000000083bb7fb0,0x0000000086600000)
 Metaspace       used 20104K, capacity 21194K, committed 21296K, reserved 1067008K
  class space    used 2703K, capacity 2923K, committed 2944K, reserved 1048576K
}
Event: 63.060 GC heap before
{Heap before GC invocations=7 (full 1):
 PSYoungGen      total 136192K, used 131072K [0x00000000d6600000, 0x00000000df000000, 0x0000000100000000)
  eden space 131072K, 100% used [0x00000000d6600000,0x00000000de600000,0x00000000de600000)
  from space 5120K, 0% used [0x00000000de600000,0x00000000de600000,0x00000000deb00000)
  to   space 5120K, 0% used [0x00000000deb00000,0x00000000deb00000,0x00000000df000000)
 ParOldGen       total 53248K, used 9951K [0x0000000083200000, 0x0000000086600000, 0x00000000d6600000)
  object space 53248K, 18% used [0x0000000083200000,0x0000000083bb7fb0,0x0000000086600000)
 Metaspace       used 26040K, capacity 27956K, committed 28288K, reserved 1073152K
  class space    used 3521K, capacity 3863K, committed 3968K, reserved 1048576K
Event: 63.082 GC heap after
Heap after GC invocations=7 (full 1):
 PSYoungGen      total 129024K, used 5112K [0x00000000d6600000, 0x00000000e6c80000, 0x0000000100000000)
  eden space 123904K, 0% used [0x00000000d6600000,0x00000000d6600000,0x00000000ddf00000)
  from space 5120K, 99% used [0x00000000deb00000,0x00000000deffe0c8,0x00000000df000000)
  to   space 12288K, 0% used [0x00000000ddf00000,0x00000000ddf00000,0x00000000deb00000)
 ParOldGen       total 53248K, used 12984K [0x0000000083200000, 0x0000000086600000, 0x00000000d6600000)
  object space 53248K, 24% used [0x0000000083200000,0x0000000083eae338,0x0000000086600000)
 Metaspace       used 26040K, capacity 27956K, committed 28288K, reserved 1073152K
  class space    used 3521K, capacity 3863K, committed 3968K, reserved 1048576K
}
Event: 70.791 GC heap before
{Heap before GC invocations=8 (full 1):
 PSYoungGen      total 129024K, used 20402K [0x00000000d6600000, 0x00000000e6c80000, 0x0000000100000000)
  eden space 123904K, 12% used [0x00000000d6600000,0x00000000d74ee980,0x00000000ddf00000)
  from space 5120K, 99% used [0x00000000deb00000,0x00000000deffe0c8,0x00000000df000000)
  to   space 12288K, 0% used [0x00000000ddf00000,0x00000000ddf00000,0x00000000deb00000)
 ParOldGen       total 53248K, used 12984K [0x0000000083200000, 0x0000000086600000, 0x00000000d6600000)
  object space 53248K, 24% used [0x0000000083200000,0x0000000083eae338,0x0000000086600000)
 Metaspace       used 27038K, capacity 29080K, committed 29184K, reserved 1079296K
  class space    used 3656K, capacity 4035K, committed 4096K, reserved 1048576K
Event: 70.805 GC heap after
Heap after GC invocations=8 (full 1):
 PSYoungGen      total 136192K, used 6030K [0x00000000d6600000, 0x00000000e5a00000, 0x0000000100000000)
  eden space 123904K, 0% used [0x00000000d6600000,0x00000000d6600000,0x00000000ddf00000)
  from space 12288K, 49% used [0x00000000ddf00000,0x00000000de4e3830,0x00000000deb00000)
  to   space 11776K, 0% used [0x00000000e4e80000,0x00000000e4e80000,0x00000000e5a00000)
 ParOldGen       total 53248K, used 12992K [0x0000000083200000, 0x0000000086600000, 0x00000000d6600000)
  object space 53248K, 24% used [0x0000000083200000,0x0000000083eb0338,0x0000000086600000)
 Metaspace       used 27038K, capacity 29080K, committed 29184K, reserved 1079296K
  class space    used 3656K, capacity 4035K, committed 4096K, reserved 1048576K
}
Event: 70.805 GC heap before
{Heap before GC invocations=9 (full 2):
 PSYoungGen      total 136192K, used 6030K [0x00000000d6600000, 0x00000000e5a00000, 0x0000000100000000)
  eden space 123904K, 0% used [0x00000000d6600000,0x00000000d6600000,0x00000000ddf00000)
  from space 12288K, 49% used [0x00000000ddf00000,0x00000000de4e3830,0x00000000deb00000)
  to   space 11776K, 0% used [0x00000000e4e80000,0x00000000e4e80000,0x00000000e5a00000)
 ParOldGen       total 53248K, used 12992K [0x0000000083200000, 0x0000000086600000, 0x00000000d6600000)
  object space 53248K, 24% used [0x0000000083200000,0x0000000083eb0338,0x0000000086600000)
 Metaspace       used 27038K, capacity 29080K, committed 29184K, reserved 1079296K
  class space    used 3656K, capacity 4035K, committed 4096K, reserved 1048576K
Event: 70.921 GC heap after
Heap after GC invocations=9 (full 2):
 PSYoungGen      total 136192K, used 0K [0x00000000d6600000, 0x00000000e5a00000, 0x0000000100000000)
  eden space 123904K, 0% used [0x00000000d6600000,0x00000000d6600000,0x00000000ddf00000)
  from space 12288K, 0% used [0x00000000ddf00000,0x00000000ddf00000,0x00000000deb00000)
  to   space 11776K, 0% used [0x00000000e4e80000,0x00000000e4e80000,0x00000000e5a00000)
 ParOldGen       total 60416K, used 12354K [0x0000000083200000, 0x0000000086d00000, 0x00000000d6600000)
  object space 60416K, 20% used [0x0000000083200000,0x0000000083e10b68,0x0000000086d00000)
 Metaspace       used 27038K, capacity 29080K, committed 29184K, reserved 1077248K
  class space    used 3656K, capacity 4035K, committed 4096K, reserved 1048576K
}

