# JRE version: Java(TM) SE Runtime Environment (8.0_291-b10) (build 1.8.0_291-b10)
# Java VM: Java HotSpot(TM) 64-Bit Server VM (25.291-b10 mixed mode windows-amd64 compressed oops)
Heap:
 PSYoungGen      total 122880K, used 43143K [0x00000000d6600000, 0x00000000de880000, 0x0000000100000000)
  eden space 112128K, 33% used [0x00000000d6600000,0x00000000d8af0878,0x00000000dd380000)
  from space 10752K, 49% used [0x00000000dde00000,0x00000000de3316c8,0x00000000de880000)
  to   space 10752K, 0% used [0x00000000dd380000,0x00000000dd380000,0x00000000dde00000)
 ParOldGen       total 50688K, used 9909K [0x0000000083200000, 0x0000000086380000, 0x00000000d6600000)
  object space 50688K, 19% used [0x0000000083200000,0x0000000083bad740,0x0000000086380000)
 Metaspace       used 27643K, capacity 29730K, committed 29952K, reserved 1077248K
  class space    used 3738K, capacity 4090K, committed 4096K, reserved 1048576K
GC Heap History (10 events):
Event: 9.666 GC heap before
{Heap before GC invocations=5 (full 0):
 PSYoungGen      total 70656K, used 70638K [0x00000000d6600000, 0x00000000db000000, 0x0000000100000000)
  eden space 65536K, 100% used [0x00000000d6600000,0x00000000da600000,0x00000000da600000)
  from space 5120K, 99% used [0x00000000dab00000,0x00000000daffba88,0x00000000db000000)
  to   space 5120K, 0% used [0x00000000da600000,0x00000000da600000,0x00000000dab00000)
 ParOldGen       total 86016K, used 3518K [0x0000000083200000, 0x0000000088600000, 0x00000000d6600000)
  object space 86016K, 4% used [0x0000000083200000,0x000000008356f9d8,0x0000000088600000)
 Metaspace       used 17575K, capacity 18476K, committed 18688K, reserved 1064960K
  class space    used 2294K, capacity 2488K, committed 2560K, reserved 1048576K
Event: 10.120 GC heap after
Heap after GC invocations=5 (full 0):
 PSYoungGen      total 70656K, used 5098K [0x00000000d6600000, 0x00000000db000000, 0x0000000100000000)
  eden space 65536K, 0% used [0x00000000d6600000,0x00000000d6600000,0x00000000da600000)
  from space 5120K, 99% used [0x00000000da600000,0x00000000daafa9a0,0x00000000dab00000)
  to   space 5120K, 0% used [0x00000000dab00000,0x00000000dab00000,0x00000000db000000)
 ParOldGen       total 86016K, used 5691K [0x0000000083200000, 0x0000000088600000, 0x00000000d6600000)
  object space 86016K, 6% used [0x0000000083200000,0x000000008378ef58,0x0000000088600000)
 Metaspace       used 17575K, capacity 18476K, committed 18688K, reserved 1064960K
  class space    used 2294K, capacity 2488K, committed 2560K, reserved 1048576K
}
Event: 12.285 GC heap before
{Heap before GC invocations=6 (full 0):
 PSYoungGen      total 70656K, used 61357K [0x00000000d6600000, 0x00000000db000000, 0x0000000100000000)
  eden space 65536K, 85% used [0x00000000d6600000,0x00000000d9cf0c18,0x00000000da600000)
  from space 5120K, 99% used [0x00000000da600000,0x00000000daafa9a0,0x00000000dab00000)
  to   space 5120K, 0% used [0x00000000dab00000,0x00000000dab00000,0x00000000db000000)
 ParOldGen       total 86016K, used 5691K [0x0000000083200000, 0x0000000088600000, 0x00000000d6600000)
  object space 86016K, 6% used [0x0000000083200000,0x000000008378ef58,0x0000000088600000)
 Metaspace       used 20102K, capacity 21250K, committed 21296K, reserved 1067008K
  class space    used 2700K, capacity 2923K, committed 2944K, reserved 1048576K
Event: 12.300 GC heap after
Heap after GC invocations=6 (full 0):
 PSYoungGen      total 64512K, used 5103K [0x00000000d6600000, 0x00000000dfc00000, 0x0000000100000000)
  eden space 59392K, 0% used [0x00000000d6600000,0x00000000d6600000,0x00000000da000000)
  from space 5120K, 99% used [0x00000000dab00000,0x00000000daffbfb8,0x00000000db000000)
  to   space 11264K, 0% used [0x00000000da000000,0x00000000da000000,0x00000000dab00000)
 ParOldGen       total 86016K, used 10148K [0x0000000083200000, 0x0000000088600000, 0x00000000d6600000)
  object space 86016K, 11% used [0x0000000083200000,0x0000000083be9130,0x0000000088600000)
 Metaspace       used 20102K, capacity 21250K, committed 21296K, reserved 1067008K
  class space    used 2700K, capacity 2923K, committed 2944K, reserved 1048576K
}
Event: 12.300 GC heap before
{Heap before GC invocations=7 (full 1):
 PSYoungGen      total 64512K, used 5103K [0x00000000d6600000, 0x00000000dfc00000, 0x0000000100000000)
  eden space 59392K, 0% used [0x00000000d6600000,0x00000000d6600000,0x00000000da000000)
  from space 5120K, 99% used [0x00000000dab00000,0x00000000daffbfb8,0x00000000db000000)
  to   space 11264K, 0% used [0x00000000da000000,0x00000000da000000,0x00000000dab00000)
 ParOldGen       total 86016K, used 10148K [0x0000000083200000, 0x0000000088600000, 0x00000000d6600000)
  object space 86016K, 11% used [0x0000000083200000,0x0000000083be9130,0x0000000088600000)
 Metaspace       used 20102K, capacity 21250K, committed 21296K, reserved 1067008K
  class space    used 2700K, capacity 2923K, committed 2944K, reserved 1048576K
Event: 12.345 GC heap after
Heap after GC invocations=7 (full 1):
 PSYoungGen      total 64512K, used 0K [0x00000000d6600000, 0x00000000dfc00000, 0x0000000100000000)
  eden space 59392K, 0% used [0x00000000d6600000,0x00000000d6600000,0x00000000da000000)
  from space 5120K, 0% used [0x00000000dab00000,0x00000000dab00000,0x00000000db000000)
  to   space 11264K, 0% used [0x00000000da000000,0x00000000da000000,0x00000000dab00000)
 ParOldGen       total 50688K, used 9893K [0x0000000083200000, 0x0000000086380000, 0x00000000d6600000)
  object space 50688K, 19% used [0x0000000083200000,0x0000000083ba9740,0x0000000086380000)
 Metaspace       used 20102K, capacity 21250K, committed 21296K, reserved 1067008K
  class space    used 2700K, capacity 2923K, committed 2944K, reserved 1048576K
}
Event: 59.414 GC heap before
{Heap before GC invocations=8 (full 1):
 PSYoungGen      total 64512K, used 59386K [0x00000000d6600000, 0x00000000dfc00000, 0x0000000100000000)
  eden space 59392K, 99% used [0x00000000d6600000,0x00000000d9ffebc8,0x00000000da000000)
  from space 5120K, 0% used [0x00000000dab00000,0x00000000dab00000,0x00000000db000000)
  to   space 11264K, 0% used [0x00000000da000000,0x00000000da000000,0x00000000dab00000)
 ParOldGen       total 50688K, used 9893K [0x0000000083200000, 0x0000000086380000, 0x00000000d6600000)
  object space 50688K, 19% used [0x0000000083200000,0x0000000083ba9740,0x0000000086380000)
 Metaspace       used 25381K, capacity 27274K, committed 27392K, reserved 1073152K
  class space    used 3455K, capacity 3792K, committed 3840K, reserved 1048576K
Event: 59.447 GC heap after
Heap after GC invocations=8 (full 1):
 PSYoungGen      total 70656K, used 6940K [0x00000000d6600000, 0x00000000de880000, 0x0000000100000000)
  eden space 59392K, 0% used [0x00000000d6600000,0x00000000d6600000,0x00000000da000000)
  from space 11264K, 61% used [0x00000000da000000,0x00000000da6c7100,0x00000000dab00000)
  to   space 10752K, 0% used [0x00000000dde00000,0x00000000dde00000,0x00000000de880000)
 ParOldGen       total 50688K, used 9901K [0x0000000083200000, 0x0000000086380000, 0x00000000d6600000)
  object space 50688K, 19% used [0x0000000083200000,0x0000000083bab740,0x0000000086380000)
 Metaspace       used 25381K, capacity 27274K, committed 27392K, reserved 1073152K
  class space    used 3455K, capacity 3792K, committed 3840K, reserved 1048576K
}
Event: 61.368 GC heap before
{Heap before GC invocations=9 (full 1):
 PSYoungGen      total 70656K, used 66284K [0x00000000d6600000, 0x00000000de880000, 0x0000000100000000)
  eden space 59392K, 99% used [0x00000000d6600000,0x00000000d9ff4068,0x00000000da000000)
  from space 11264K, 61% used [0x00000000da000000,0x00000000da6c7100,0x00000000dab00000)
  to   space 10752K, 0% used [0x00000000dde00000,0x00000000dde00000,0x00000000de880000)
 ParOldGen       total 50688K, used 9901K [0x0000000083200000, 0x0000000086380000, 0x00000000d6600000)
  object space 50688K, 19% used [0x0000000083200000,0x0000000083bab740,0x0000000086380000)
 Metaspace       used 26048K, capacity 27948K, committed 28288K, reserved 1073152K
  class space    used 3523K, capacity 3863K, committed 3968K, reserved 1048576K
Event: 61.424 GC heap after
Heap after GC invocations=9 (full 1):
 PSYoungGen      total 122880K, used 5317K [0x00000000d6600000, 0x00000000de880000, 0x0000000100000000)
  eden space 112128K, 0% used [0x00000000d6600000,0x00000000d6600000,0x00000000dd380000)
  from space 10752K, 49% used [0x00000000dde00000,0x00000000de3316c8,0x00000000de880000)
  to   space 10752K, 0% used [0x00000000dd380000,0x00000000dd380000,0x00000000dde00000)
 ParOldGen       total 50688K, used 9909K [0x0000000083200000, 0x0000000086380000, 0x00000000d6600000)
  object space 50688K, 19% used [0x0000000083200000,0x0000000083bad740,0x0000000086380000)
 Metaspace       used 26048K, capacity 27948K, committed 28288K, reserved 1073152K
  class space    used 3523K, capacity 3863K, committed 3968K, reserved 1048576K
}

